<?xml version="1.0" encoding="UTF-8"?>
<testsuite name="com.google.gson.VersionExclusionStrategyTest" tests="3" skipped="0" failures="0" errors="0" timestamp="2019-05-02T19:54:48" hostname="coras-air.dynamic.ucsd.edu" time="0.006">
  <properties/>
  <testcase name="testClassAndFieldAreAheadInVersion" classname="com.google.gson.VersionExclusionStrategyTest" time="0.005"/>
  <testcase name="testClassAndFieldAreAtSameVersion" classname="com.google.gson.VersionExclusionStrategyTest" time="0.0"/>
  <testcase name="testClassAndFieldAreBehindInVersion" classname="com.google.gson.VersionExclusionStrategyTest" time="0.001"/>
  <system-out><![CDATA[]]></system-out>
  <system-err><![CDATA[]]></system-err>
</testsuite>
